2026-01-31 01:09:19,000 - INFO - training started.
2026-01-31 01:09:19,051 - DEBUG - epoch 000 | train loss 0.7035 | val loss 0.6715
2026-01-31 01:09:19,051 - DEBUG - patience counter reinitialized.
2026-01-31 01:09:19,056 - INFO - epoch 000 | train loss 0.7035 | val loss 0.6715
2026-01-31 01:09:19,149 - DEBUG - epoch 001 | train loss 0.6328 | val loss 0.5769
2026-01-31 01:09:19,149 - DEBUG - patience counter reinitialized.
2026-01-31 01:09:19,197 - DEBUG - epoch 002 | train loss 0.5388 | val loss 0.4594
2026-01-31 01:09:19,197 - DEBUG - patience counter reinitialized.
2026-01-31 01:09:19,237 - DEBUG - epoch 003 | train loss 0.4749 | val loss 0.4041
2026-01-31 01:09:19,237 - DEBUG - patience counter reinitialized.
2026-01-31 01:09:19,275 - DEBUG - epoch 004 | train loss 0.4256 | val loss 0.3790
2026-01-31 01:09:19,275 - DEBUG - patience counter reinitialized.
2026-01-31 01:09:19,312 - DEBUG - epoch 005 | train loss 0.3886 | val loss 0.3657
2026-01-31 01:09:19,312 - DEBUG - patience counter reinitialized.
2026-01-31 01:09:19,355 - DEBUG - epoch 006 | train loss 0.3817 | val loss 0.3540
2026-01-31 01:09:19,355 - DEBUG - patience counter reinitialized.
2026-01-31 01:09:19,392 - DEBUG - epoch 007 | train loss 0.3856 | val loss 0.3415
2026-01-31 01:09:19,393 - DEBUG - patience counter reinitialized.
2026-01-31 01:09:19,431 - DEBUG - epoch 008 | train loss 0.3665 | val loss 0.3469
2026-01-31 01:09:19,432 - DEBUG - validation loss did not improve at epoch 8
2026-01-31 01:09:19,472 - DEBUG - epoch 009 | train loss 0.3578 | val loss 0.3652
2026-01-31 01:09:19,472 - DEBUG - validation loss did not improve at epoch 9
2026-01-31 01:09:19,508 - DEBUG - epoch 010 | train loss 0.3732 | val loss 0.3447
2026-01-31 01:09:19,508 - DEBUG - validation loss did not improve at epoch 10
2026-01-31 01:09:19,509 - INFO - epoch 010 | train loss 0.3732 | val loss 0.3447
2026-01-31 01:09:19,548 - DEBUG - epoch 011 | train loss 0.3823 | val loss 0.3503
2026-01-31 01:09:19,548 - DEBUG - validation loss did not improve at epoch 11
2026-01-31 01:09:19,586 - DEBUG - epoch 012 | train loss 0.3491 | val loss 0.3689
2026-01-31 01:09:19,586 - DEBUG - validation loss did not improve at epoch 12
2026-01-31 01:09:19,624 - DEBUG - epoch 013 | train loss 0.3652 | val loss 0.3416
2026-01-31 01:09:19,625 - DEBUG - validation loss did not improve at epoch 13
2026-01-31 01:09:19,660 - DEBUG - epoch 014 | train loss 0.3334 | val loss 0.3481
2026-01-31 01:09:19,661 - DEBUG - validation loss did not improve at epoch 14
2026-01-31 01:09:19,698 - DEBUG - epoch 015 | train loss 0.3424 | val loss 0.3832
2026-01-31 01:09:19,699 - DEBUG - validation loss did not improve at epoch 15
2026-01-31 01:09:19,737 - DEBUG - epoch 016 | train loss 0.3461 | val loss 0.3245
2026-01-31 01:09:19,737 - DEBUG - patience counter reinitialized.
2026-01-31 01:09:19,775 - DEBUG - epoch 017 | train loss 0.3241 | val loss 0.3335
2026-01-31 01:09:19,775 - DEBUG - validation loss did not improve at epoch 17
2026-01-31 01:09:19,813 - DEBUG - epoch 018 | train loss 0.3208 | val loss 0.3293
2026-01-31 01:09:19,813 - DEBUG - validation loss did not improve at epoch 18
2026-01-31 01:09:19,851 - DEBUG - epoch 019 | train loss 0.3260 | val loss 0.3312
2026-01-31 01:09:19,851 - DEBUG - validation loss did not improve at epoch 19
2026-01-31 01:09:19,889 - DEBUG - epoch 020 | train loss 0.3178 | val loss 0.3741
2026-01-31 01:09:19,889 - DEBUG - validation loss did not improve at epoch 20
2026-01-31 01:09:19,889 - INFO - epoch 020 | train loss 0.3178 | val loss 0.3741
2026-01-31 01:09:19,927 - DEBUG - epoch 021 | train loss 0.3271 | val loss 0.3822
2026-01-31 01:09:19,928 - DEBUG - validation loss did not improve at epoch 21
2026-01-31 01:09:19,966 - DEBUG - epoch 022 | train loss 0.3197 | val loss 0.3564
2026-01-31 01:09:19,966 - DEBUG - validation loss did not improve at epoch 22
2026-01-31 01:09:20,003 - DEBUG - epoch 023 | train loss 0.3276 | val loss 0.3280
2026-01-31 01:09:20,003 - DEBUG - validation loss did not improve at epoch 23
2026-01-31 01:09:20,041 - DEBUG - epoch 024 | train loss 0.3269 | val loss 0.3345
2026-01-31 01:09:20,041 - DEBUG - validation loss did not improve at epoch 24
2026-01-31 01:09:20,079 - DEBUG - epoch 025 | train loss 0.3250 | val loss 0.3856
2026-01-31 01:09:20,079 - DEBUG - validation loss did not improve at epoch 25
2026-01-31 01:09:20,116 - DEBUG - epoch 026 | train loss 0.3392 | val loss 0.3692
2026-01-31 01:09:20,116 - DEBUG - validation loss did not improve at epoch 26
2026-01-31 01:09:20,153 - DEBUG - epoch 027 | train loss 0.2997 | val loss 0.3250
2026-01-31 01:09:20,154 - DEBUG - validation loss did not improve at epoch 27
2026-01-31 01:09:20,191 - DEBUG - epoch 028 | train loss 0.3285 | val loss 0.3202
2026-01-31 01:09:20,191 - DEBUG - patience counter reinitialized.
2026-01-31 01:09:20,228 - DEBUG - epoch 029 | train loss 0.2901 | val loss 0.3961
2026-01-31 01:09:20,229 - DEBUG - validation loss did not improve at epoch 29
2026-01-31 01:09:20,267 - DEBUG - epoch 030 | train loss 0.2921 | val loss 0.3520
2026-01-31 01:09:20,267 - DEBUG - validation loss did not improve at epoch 30
2026-01-31 01:09:20,267 - INFO - epoch 030 | train loss 0.2921 | val loss 0.3520
2026-01-31 01:09:20,305 - DEBUG - epoch 031 | train loss 0.3108 | val loss 0.3725
2026-01-31 01:09:20,305 - DEBUG - validation loss did not improve at epoch 31
2026-01-31 01:09:20,341 - DEBUG - epoch 032 | train loss 0.2825 | val loss 0.4228
2026-01-31 01:09:20,342 - DEBUG - validation loss did not improve at epoch 32
2026-01-31 01:09:20,379 - DEBUG - epoch 033 | train loss 0.3118 | val loss 0.3582
2026-01-31 01:09:20,379 - DEBUG - validation loss did not improve at epoch 33
2026-01-31 01:09:20,418 - DEBUG - epoch 034 | train loss 0.2941 | val loss 0.3653
2026-01-31 01:09:20,418 - DEBUG - validation loss did not improve at epoch 34
2026-01-31 01:09:20,456 - DEBUG - epoch 035 | train loss 0.2802 | val loss 0.3768
2026-01-31 01:09:20,456 - DEBUG - validation loss did not improve at epoch 35
2026-01-31 01:09:20,494 - DEBUG - epoch 036 | train loss 0.2771 | val loss 0.3980
2026-01-31 01:09:20,494 - DEBUG - validation loss did not improve at epoch 36
2026-01-31 01:09:20,532 - DEBUG - epoch 037 | train loss 0.2726 | val loss 0.3596
2026-01-31 01:09:20,532 - DEBUG - validation loss did not improve at epoch 37
2026-01-31 01:09:20,569 - DEBUG - epoch 038 | train loss 0.2643 | val loss 0.3907
2026-01-31 01:09:20,569 - DEBUG - validation loss did not improve at epoch 38
2026-01-31 01:09:20,605 - DEBUG - epoch 039 | train loss 0.2637 | val loss 0.3668
2026-01-31 01:09:20,605 - DEBUG - validation loss did not improve at epoch 39
2026-01-31 01:09:20,647 - DEBUG - epoch 040 | train loss 0.2559 | val loss 0.3895
2026-01-31 01:09:20,647 - DEBUG - validation loss did not improve at epoch 40
2026-01-31 01:09:20,647 - INFO - epoch 040 | train loss 0.2559 | val loss 0.3895
2026-01-31 01:09:20,693 - DEBUG - epoch 041 | train loss 0.2554 | val loss 0.3362
2026-01-31 01:09:20,694 - DEBUG - validation loss did not improve at epoch 41
2026-01-31 01:09:20,732 - DEBUG - epoch 042 | train loss 0.2519 | val loss 0.3604
2026-01-31 01:09:20,732 - DEBUG - validation loss did not improve at epoch 42
2026-01-31 01:09:20,770 - DEBUG - epoch 043 | train loss 0.2514 | val loss 0.4054
2026-01-31 01:09:20,771 - DEBUG - validation loss did not improve at epoch 43
2026-01-31 01:09:20,813 - DEBUG - epoch 044 | train loss 0.2503 | val loss 0.4037
2026-01-31 01:09:20,813 - DEBUG - validation loss did not improve at epoch 44
2026-01-31 01:09:20,849 - DEBUG - epoch 045 | train loss 0.2407 | val loss 0.4214
2026-01-31 01:09:20,849 - DEBUG - validation loss did not improve at epoch 45
2026-01-31 01:09:20,887 - DEBUG - epoch 046 | train loss 0.2391 | val loss 0.4068
2026-01-31 01:09:20,887 - DEBUG - validation loss did not improve at epoch 46
2026-01-31 01:09:20,924 - DEBUG - epoch 047 | train loss 0.2678 | val loss 0.4109
2026-01-31 01:09:20,924 - DEBUG - validation loss did not improve at epoch 47
2026-01-31 01:09:20,961 - DEBUG - epoch 048 | train loss 0.2351 | val loss 0.4196
2026-01-31 01:09:20,961 - DEBUG - validation loss did not improve at epoch 48
2026-01-31 01:09:20,961 - WARNING - early stopping triggered after 20 waiting epochs. best state saved to 'best_state.pt'
